<?xml version="1.0" encoding="UTF-8"?>
<testng-results ignored="0" total="1" passed="1" failed="0" skipped="0">
  <reporter-output>
  </reporter-output>
  <suite started-at="2024-11-13T20:35:19 IST" name="Default suite" finished-at="2024-11-13T20:35:48 IST" duration-ms="29033">
    <groups>
    </groups>
    <test started-at="2024-11-13T20:35:19 IST" name="Default test" finished-at="2024-11-13T20:35:48 IST" duration-ms="29033">
      <class name="org.letcode.test.TC001Login">
        <test-method is-config="true" signature="startUp()[pri:0, instance:org.letcode.test.TC001Login@6f4a47c7]" started-at="2024-11-13T20:35:19 IST" name="startUp" finished-at="2024-11-13T20:35:42 IST" duration-ms="23621" status="PASS">
          <reporter-output>
          </reporter-output>
        </test-method> <!-- startUp -->
        <test-method signature="loginTest(java.lang.String,java.lang.String)[pri:0, instance:org.letcode.test.TC001Login@6f4a47c7]" started-at="2024-11-13T20:35:43 IST" name="loginTest" data-provider="login" finished-at="2024-11-13T20:35:43 IST" duration-ms="846" status="PASS">
          <params>
            <param index="0">
              <value>
                <![CDATA[admin@yourstore.com]]>
              </value>
            </param>
            <param index="1">
              <value>
                <![CDATA[admin]]>
              </value>
            </param>
          </params>
          <reporter-output>
          </reporter-output>
        </test-method> <!-- loginTest -->
        <test-method is-config="true" signature="tearDown()[pri:0, instance:org.letcode.test.TC001Login@6f4a47c7]" started-at="2024-11-13T20:35:43 IST" name="tearDown" finished-at="2024-11-13T20:35:48 IST" duration-ms="4484" status="PASS">
          <reporter-output>
          </reporter-output>
        </test-method> <!-- tearDown -->
      </class> <!-- org.letcode.test.TC001Login -->
    </test> <!-- Default test -->
  </suite> <!-- Default suite -->
</testng-results>
